<?xml version="1.0" encoding="UTF-8"?>
<!-- Generated by org.testng.reporters.JUnitReportReporter -->
<testsuite skipped="0" hostname="ip-172-31-8-69" name="test.test.MyMojo" tests="1" failures="0" timestamp="2020-05-24T14:15:07 UTC" time="0.362" errors="0">
  <testcase name="image" time="0.362" classname="test.test.MyMojo"/>
  <system-out/>
</testsuite> <!-- test.test.MyMojo -->
